<?xml version="1.0" encoding="UTF-8"?>
<testsuite xmlns:xsi="http://www.w3.org/2001/XMLSchema-instance" xsi:noNamespaceSchemaLocation="https://maven.apache.org/surefire/maven-surefire-plugin/xsd/surefire-test-report-3.0.xsd" version="3.0" name="com.fabricGp.assignment.bdd.CucumberTestRunner" time="5.932" tests="31" errors="0" skipped="15" failures="0">
  <properties>
[...]
</properties>
  <testcase name="Making payment online using credit/debit card" classname="Payment for the tickets online by credit card" time="0">
    <skipped message="The step &quot;User has booked a seat&quot; is undefined. You can implement it using tne snippet(s) below:&#10;&#10;Given(&quot;User has booked a seat&quot;, () -&gt; {&#10;    // Write code here that turns the phrase above into concrete actions&#10;    throw new io.cucumber.java8.PendingException();&#10;});&#10;@Given(&quot;User has booked a seat&quot;)&#10;public void user_has_booked_a_seat() {&#10;    // Write code here that turns the phrase above into concrete actions&#10;    throw new io.cucumber.java.PendingException();&#10;}&#10;&#10;Some other steps were also undefined:&#10;&#10;Given(&quot;i am checkout&quot;, () -&gt; {&#10;    // Write code here that turns the phrase above into concrete actions&#10;    throw new io.cucumber.java8.PendingException();&#10;});&#10;@Given(&quot;i am checkout&quot;)&#10;public void i_am_checkout() {&#10;    // Write code here that turns the phrase above into concrete actions&#10;    throw new io.cucumber.java.PendingException();&#10;}&#10;When(&quot;I use Visa&quot;, () -&gt; {&#10;    // Write code here that turns the phrase above into concrete actions&#10;    throw new io.cucumber.java8.PendingException();&#10;});&#10;@When(&quot;I use Visa&quot;)&#10;public void i_use_Visa() {&#10;    // Write code here that turns the phrase above into concrete actions&#10;    throw new io.cucumber.java.PendingException();&#10;}&#10;When(&quot;i enter {int}&quot;, (Integer int1) -&gt; {&#10;    // Write code here that turns the phrase above into concrete actions&#10;    throw new io.cucumber.java8.PendingException();&#10;});&#10;@When(&quot;i enter {int}&quot;)&#10;public void i_enter(Integer int1) {&#10;    // Write code here that turns the phrase above into concrete actions&#10;    throw new io.cucumber.java.PendingException();&#10;}&#10;When(&quot;i enter {int}&quot;, (Integer int1) -&gt; {&#10;    // Write code here that turns the phrase above into concrete actions&#10;    throw new io.cucumber.java8.PendingException();&#10;});&#10;@When(&quot;i enter {int}&quot;)&#10;public void i_enter(Integer int1) {&#10;    // Write code here that turns the phrase above into concrete actions&#10;    throw new io.cucumber.java.PendingException();&#10;}&#10;Then(&quot;{string} should be displayed&quot;, (String string) -&gt; {&#10;    // Write code here that turns the phrase above into concrete actions&#10;    throw new io.cucumber.java8.PendingException();&#10;});&#10;@Then(&quot;{string} should be displayed&quot;)&#10;public void should_be_displayed(String string) {&#10;    // Write code here that turns the phrase above into concrete actions&#10;    throw new io.cucumber.java.PendingException();&#10;}&#10;"/>
    <system-err><![CDATA[Feb 16, 2020 11:54:44 AM io.cucumber.junit.Cucumber <init>
WARNING: By default Cucumber is running in --non-strict mode.
This default will change to --strict and --non-strict will be removed.
You can use --strict or @CucumberOptions(strict = true) to suppress this warning
Feb 16, 2020 11:54:46 AM org.springframework.test.context.support.AbstractTestContextBootstrapper getDefaultTestExecutionListenerClassNames
INFO: Loaded default TestExecutionListener class names from location [META-INF/spring.factories]: [org.springframework.test.context.web.ServletTestExecutionListener, org.springframework.test.context.support.DirtiesContextBeforeModesTestExecutionListener, org.springframework.test.context.support.DependencyInjectionTestExecutionListener, org.springframework.test.context.support.DirtiesContextTestExecutionListener, org.springframework.test.context.transaction.TransactionalTestExecutionListener, org.springframework.test.context.jdbc.SqlScriptsTestExecutionListener, org.springframework.test.context.event.EventPublishingTestExecutionListener]
Feb 16, 2020 11:54:46 AM org.springframework.test.context.support.AbstractTestContextBootstrapper getTestExecutionListeners
INFO: Using TestExecutionListeners: [org.springframework.test.context.support.DirtiesContextBeforeModesTestExecutionListener@142269f2, org.springframework.test.context.support.DependencyInjectionTestExecutionListener@331acdad, org.springframework.test.context.support.DirtiesContextTestExecutionListener@41d426b5, org.springframework.test.context.event.EventPublishingTestExecutionListener@8dbfffb]
]]></system-err>
  </testcase>
  <testcase name="Making payment online using credit/debit card" classname="Payment for the tickets online by credit card" time="0">
    <skipped message="The step &quot;User has booked a seat&quot; is undefined. You can implement it using tne snippet(s) below:&#10;&#10;Given(&quot;User has booked a seat&quot;, () -&gt; {&#10;    // Write code here that turns the phrase above into concrete actions&#10;    throw new io.cucumber.java8.PendingException();&#10;});&#10;@Given(&quot;User has booked a seat&quot;)&#10;public void user_has_booked_a_seat() {&#10;    // Write code here that turns the phrase above into concrete actions&#10;    throw new io.cucumber.java.PendingException();&#10;}&#10;&#10;Some other steps were also undefined:&#10;&#10;Given(&quot;i am checkout&quot;, () -&gt; {&#10;    // Write code here that turns the phrase above into concrete actions&#10;    throw new io.cucumber.java8.PendingException();&#10;});&#10;@Given(&quot;i am checkout&quot;)&#10;public void i_am_checkout() {&#10;    // Write code here that turns the phrase above into concrete actions&#10;    throw new io.cucumber.java.PendingException();&#10;}&#10;When(&quot;I use Visa Debit&quot;, () -&gt; {&#10;    // Write code here that turns the phrase above into concrete actions&#10;    throw new io.cucumber.java8.PendingException();&#10;});&#10;@When(&quot;I use Visa Debit&quot;)&#10;public void i_use_Visa_Debit() {&#10;    // Write code here that turns the phrase above into concrete actions&#10;    throw new io.cucumber.java.PendingException();&#10;}&#10;When(&quot;i enter {int}&quot;, (Integer int1) -&gt; {&#10;    // Write code here that turns the phrase above into concrete actions&#10;    throw new io.cucumber.java8.PendingException();&#10;});&#10;@When(&quot;i enter {int}&quot;)&#10;public void i_enter(Integer int1) {&#10;    // Write code here that turns the phrase above into concrete actions&#10;    throw new io.cucumber.java.PendingException();&#10;}&#10;When(&quot;i enter {int}&quot;, (Integer int1) -&gt; {&#10;    // Write code here that turns the phrase above into concrete actions&#10;    throw new io.cucumber.java8.PendingException();&#10;});&#10;@When(&quot;i enter {int}&quot;)&#10;public void i_enter(Integer int1) {&#10;    // Write code here that turns the phrase above into concrete actions&#10;    throw new io.cucumber.java.PendingException();&#10;}&#10;Then(&quot;{string} should be displayed&quot;, (String string) -&gt; {&#10;    // Write code here that turns the phrase above into concrete actions&#10;    throw new io.cucumber.java8.PendingException();&#10;});&#10;@Then(&quot;{string} should be displayed&quot;)&#10;public void should_be_displayed(String string) {&#10;    // Write code here that turns the phrase above into concrete actions&#10;    throw new io.cucumber.java.PendingException();&#10;}&#10;"/>
    <system-err><![CDATA[Feb 16, 2020 11:54:48 AM org.springframework.test.context.support.AbstractTestContextBootstrapper getDefaultTestExecutionListenerClassNames
INFO: Loaded default TestExecutionListener class names from location [META-INF/spring.factories]: [org.springframework.test.context.web.ServletTestExecutionListener, org.springframework.test.context.support.DirtiesContextBeforeModesTestExecutionListener, org.springframework.test.context.support.DependencyInjectionTestExecutionListener, org.springframework.test.context.support.DirtiesContextTestExecutionListener, org.springframework.test.context.transaction.TransactionalTestExecutionListener, org.springframework.test.context.jdbc.SqlScriptsTestExecutionListener, org.springframework.test.context.event.EventPublishingTestExecutionListener]
Feb 16, 2020 11:54:48 AM org.springframework.test.context.support.AbstractTestContextBootstrapper getTestExecutionListeners
INFO: Using TestExecutionListeners: [org.springframework.test.context.support.DirtiesContextBeforeModesTestExecutionListener@73e132e0, org.springframework.test.context.support.DependencyInjectionTestExecutionListener@3773862a, org.springframework.test.context.support.DirtiesContextTestExecutionListener@2472c7d8, org.springframework.test.context.event.EventPublishingTestExecutionListener@589b028e]
]]></system-err>
  </testcase>
  <testcase name="Making payment online using credit/debit card" classname="Payment for the tickets online by credit card" time="0">
    <skipped message="The step &quot;User has booked a seat&quot; is undefined. You can implement it using tne snippet(s) below:&#10;&#10;Given(&quot;User has booked a seat&quot;, () -&gt; {&#10;    // Write code here that turns the phrase above into concrete actions&#10;    throw new io.cucumber.java8.PendingException();&#10;});&#10;@Given(&quot;User has booked a seat&quot;)&#10;public void user_has_booked_a_seat() {&#10;    // Write code here that turns the phrase above into concrete actions&#10;    throw new io.cucumber.java.PendingException();&#10;}&#10;&#10;Some other steps were also undefined:&#10;&#10;Given(&quot;i am checkout&quot;, () -&gt; {&#10;    // Write code here that turns the phrase above into concrete actions&#10;    throw new io.cucumber.java8.PendingException();&#10;});&#10;@Given(&quot;i am checkout&quot;)&#10;public void i_am_checkout() {&#10;    // Write code here that turns the phrase above into concrete actions&#10;    throw new io.cucumber.java.PendingException();&#10;}&#10;When(&quot;I use Mastercard&quot;, () -&gt; {&#10;    // Write code here that turns the phrase above into concrete actions&#10;    throw new io.cucumber.java8.PendingException();&#10;});&#10;@When(&quot;I use Mastercard&quot;)&#10;public void i_use_Mastercard() {&#10;    // Write code here that turns the phrase above into concrete actions&#10;    throw new io.cucumber.java.PendingException();&#10;}&#10;When(&quot;i enter {int}&quot;, (Integer int1) -&gt; {&#10;    // Write code here that turns the phrase above into concrete actions&#10;    throw new io.cucumber.java8.PendingException();&#10;});&#10;@When(&quot;i enter {int}&quot;)&#10;public void i_enter(Integer int1) {&#10;    // Write code here that turns the phrase above into concrete actions&#10;    throw new io.cucumber.java.PendingException();&#10;}&#10;When(&quot;i enter {int}&quot;, (Integer int1) -&gt; {&#10;    // Write code here that turns the phrase above into concrete actions&#10;    throw new io.cucumber.java8.PendingException();&#10;});&#10;@When(&quot;i enter {int}&quot;)&#10;public void i_enter(Integer int1) {&#10;    // Write code here that turns the phrase above into concrete actions&#10;    throw new io.cucumber.java.PendingException();&#10;}&#10;Then(&quot;{string} should be displayed&quot;, (String string) -&gt; {&#10;    // Write code here that turns the phrase above into concrete actions&#10;    throw new io.cucumber.java8.PendingException();&#10;});&#10;@Then(&quot;{string} should be displayed&quot;)&#10;public void should_be_displayed(String string) {&#10;    // Write code here that turns the phrase above into concrete actions&#10;    throw new io.cucumber.java.PendingException();&#10;}&#10;"/>
    <system-err><![CDATA[Feb 16, 2020 11:54:48 AM org.springframework.test.context.support.AbstractTestContextBootstrapper getDefaultTestExecutionListenerClassNames
INFO: Loaded default TestExecutionListener class names from location [META-INF/spring.factories]: [org.springframework.test.context.web.ServletTestExecutionListener, org.springframework.test.context.support.DirtiesContextBeforeModesTestExecutionListener, org.springframework.test.context.support.DependencyInjectionTestExecutionListener, org.springframework.test.context.support.DirtiesContextTestExecutionListener, org.springframework.test.context.transaction.TransactionalTestExecutionListener, org.springframework.test.context.jdbc.SqlScriptsTestExecutionListener, org.springframework.test.context.event.EventPublishingTestExecutionListener]
Feb 16, 2020 11:54:48 AM org.springframework.test.context.support.AbstractTestContextBootstrapper getTestExecutionListeners
INFO: Using TestExecutionListeners: [org.springframework.test.context.support.DirtiesContextBeforeModesTestExecutionListener@7e11ab3d, org.springframework.test.context.support.DependencyInjectionTestExecutionListener@5fa47fea, org.springframework.test.context.support.DirtiesContextTestExecutionListener@2392212b, org.springframework.test.context.event.EventPublishingTestExecutionListener@5b43e173]
]]></system-err>
  </testcase>
  <testcase name="Making payment online using credit/debit card" classname="Payment for the tickets online by credit card" time="0">
    <skipped message="The step &quot;User has booked a seat&quot; is undefined. You can implement it using tne snippet(s) below:&#10;&#10;Given(&quot;User has booked a seat&quot;, () -&gt; {&#10;    // Write code here that turns the phrase above into concrete actions&#10;    throw new io.cucumber.java8.PendingException();&#10;});&#10;@Given(&quot;User has booked a seat&quot;)&#10;public void user_has_booked_a_seat() {&#10;    // Write code here that turns the phrase above into concrete actions&#10;    throw new io.cucumber.java.PendingException();&#10;}&#10;&#10;Some other steps were also undefined:&#10;&#10;Given(&quot;i am checkout&quot;, () -&gt; {&#10;    // Write code here that turns the phrase above into concrete actions&#10;    throw new io.cucumber.java8.PendingException();&#10;});&#10;@Given(&quot;i am checkout&quot;)&#10;public void i_am_checkout() {&#10;    // Write code here that turns the phrase above into concrete actions&#10;    throw new io.cucumber.java.PendingException();&#10;}&#10;When(&quot;I use Mastercard Debit&quot;, () -&gt; {&#10;    // Write code here that turns the phrase above into concrete actions&#10;    throw new io.cucumber.java8.PendingException();&#10;});&#10;@When(&quot;I use Mastercard Debit&quot;)&#10;public void i_use_Mastercard_Debit() {&#10;    // Write code here that turns the phrase above into concrete actions&#10;    throw new io.cucumber.java.PendingException();&#10;}&#10;When(&quot;i enter {int}&quot;, (Integer int1) -&gt; {&#10;    // Write code here that turns the phrase above into concrete actions&#10;    throw new io.cucumber.java8.PendingException();&#10;});&#10;@When(&quot;i enter {int}&quot;)&#10;public void i_enter(Integer int1) {&#10;    // Write code here that turns the phrase above into concrete actions&#10;    throw new io.cucumber.java.PendingException();&#10;}&#10;When(&quot;i enter {int}&quot;, (Integer int1) -&gt; {&#10;    // Write code here that turns the phrase above into concrete actions&#10;    throw new io.cucumber.java8.PendingException();&#10;});&#10;@When(&quot;i enter {int}&quot;)&#10;public void i_enter(Integer int1) {&#10;    // Write code here that turns the phrase above into concrete actions&#10;    throw new io.cucumber.java.PendingException();&#10;}&#10;Then(&quot;{string} should be displayed&quot;, (String string) -&gt; {&#10;    // Write code here that turns the phrase above into concrete actions&#10;    throw new io.cucumber.java8.PendingException();&#10;});&#10;@Then(&quot;{string} should be displayed&quot;)&#10;public void should_be_displayed(String string) {&#10;    // Write code here that turns the phrase above into concrete actions&#10;    throw new io.cucumber.java.PendingException();&#10;}&#10;"/>
    <system-err><![CDATA[Feb 16, 2020 11:54:48 AM org.springframework.test.context.support.AbstractTestContextBootstrapper getDefaultTestExecutionListenerClassNames
INFO: Loaded default TestExecutionListener class names from location [META-INF/spring.factories]: [org.springframework.test.context.web.ServletTestExecutionListener, org.springframework.test.context.support.DirtiesContextBeforeModesTestExecutionListener, org.springframework.test.context.support.DependencyInjectionTestExecutionListener, org.springframework.test.context.support.DirtiesContextTestExecutionListener, org.springframework.test.context.transaction.TransactionalTestExecutionListener, org.springframework.test.context.jdbc.SqlScriptsTestExecutionListener, org.springframework.test.context.event.EventPublishingTestExecutionListener]
Feb 16, 2020 11:54:48 AM org.springframework.test.context.support.AbstractTestContextBootstrapper getTestExecutionListeners
INFO: Using TestExecutionListeners: [org.springframework.test.context.support.DirtiesContextBeforeModesTestExecutionListener@38600b, org.springframework.test.context.support.DependencyInjectionTestExecutionListener@669d2b1b, org.springframework.test.context.support.DirtiesContextTestExecutionListener@721eb7df, org.springframework.test.context.event.EventPublishingTestExecutionListener@1ea9f009]
]]></system-err>
  </testcase>
  <testcase name="Making payment online using credit/debit card" classname="Payment for the tickets online by credit card" time="0">
    <skipped message="The step &quot;User has booked a seat&quot; is undefined. You can implement it using tne snippet(s) below:&#10;&#10;Given(&quot;User has booked a seat&quot;, () -&gt; {&#10;    // Write code here that turns the phrase above into concrete actions&#10;    throw new io.cucumber.java8.PendingException();&#10;});&#10;@Given(&quot;User has booked a seat&quot;)&#10;public void user_has_booked_a_seat() {&#10;    // Write code here that turns the phrase above into concrete actions&#10;    throw new io.cucumber.java.PendingException();&#10;}&#10;&#10;Some other steps were also undefined:&#10;&#10;Given(&quot;i am checkout&quot;, () -&gt; {&#10;    // Write code here that turns the phrase above into concrete actions&#10;    throw new io.cucumber.java8.PendingException();&#10;});&#10;@Given(&quot;i am checkout&quot;)&#10;public void i_am_checkout() {&#10;    // Write code here that turns the phrase above into concrete actions&#10;    throw new io.cucumber.java.PendingException();&#10;}&#10;When(&quot;I use Americal Exp&quot;, () -&gt; {&#10;    // Write code here that turns the phrase above into concrete actions&#10;    throw new io.cucumber.java8.PendingException();&#10;});&#10;@When(&quot;I use Americal Exp&quot;)&#10;public void i_use_Americal_Exp() {&#10;    // Write code here that turns the phrase above into concrete actions&#10;    throw new io.cucumber.java.PendingException();&#10;}&#10;When(&quot;i enter {int}&quot;, (Integer int1) -&gt; {&#10;    // Write code here that turns the phrase above into concrete actions&#10;    throw new io.cucumber.java8.PendingException();&#10;});&#10;@When(&quot;i enter {int}&quot;)&#10;public void i_enter(Integer int1) {&#10;    // Write code here that turns the phrase above into concrete actions&#10;    throw new io.cucumber.java.PendingException();&#10;}&#10;When(&quot;i enter {int}&quot;, (Integer int1) -&gt; {&#10;    // Write code here that turns the phrase above into concrete actions&#10;    throw new io.cucumber.java8.PendingException();&#10;});&#10;@When(&quot;i enter {int}&quot;)&#10;public void i_enter(Integer int1) {&#10;    // Write code here that turns the phrase above into concrete actions&#10;    throw new io.cucumber.java.PendingException();&#10;}&#10;Then(&quot;{string} should be displayed&quot;, (String string) -&gt; {&#10;    // Write code here that turns the phrase above into concrete actions&#10;    throw new io.cucumber.java8.PendingException();&#10;});&#10;@Then(&quot;{string} should be displayed&quot;)&#10;public void should_be_displayed(String string) {&#10;    // Write code here that turns the phrase above into concrete actions&#10;    throw new io.cucumber.java.PendingException();&#10;}&#10;"/>
    <system-err><![CDATA[Feb 16, 2020 11:54:48 AM org.springframework.test.context.support.AbstractTestContextBootstrapper getDefaultTestExecutionListenerClassNames
INFO: Loaded default TestExecutionListener class names from location [META-INF/spring.factories]: [org.springframework.test.context.web.ServletTestExecutionListener, org.springframework.test.context.support.DirtiesContextBeforeModesTestExecutionListener, org.springframework.test.context.support.DependencyInjectionTestExecutionListener, org.springframework.test.context.support.DirtiesContextTestExecutionListener, org.springframework.test.context.transaction.TransactionalTestExecutionListener, org.springframework.test.context.jdbc.SqlScriptsTestExecutionListener, org.springframework.test.context.event.EventPublishingTestExecutionListener]
Feb 16, 2020 11:54:48 AM org.springframework.test.context.support.AbstractTestContextBootstrapper getTestExecutionListeners
INFO: Using TestExecutionListeners: [org.springframework.test.context.support.DirtiesContextBeforeModesTestExecutionListener@2b50150, org.springframework.test.context.support.DependencyInjectionTestExecutionListener@15b986cd, org.springframework.test.context.support.DirtiesContextTestExecutionListener@6bb7cce7, org.springframework.test.context.event.EventPublishingTestExecutionListener@41c62850]
]]></system-err>
  </testcase>
  <testcase name="Making payment online using credit/debit card" classname="Payment for the tickets online by credit card" time="0">
    <skipped message="The step &quot;User has booked a seat&quot; is undefined. You can implement it using tne snippet(s) below:&#10;&#10;Given(&quot;User has booked a seat&quot;, () -&gt; {&#10;    // Write code here that turns the phrase above into concrete actions&#10;    throw new io.cucumber.java8.PendingException();&#10;});&#10;@Given(&quot;User has booked a seat&quot;)&#10;public void user_has_booked_a_seat() {&#10;    // Write code here that turns the phrase above into concrete actions&#10;    throw new io.cucumber.java.PendingException();&#10;}&#10;&#10;Some other steps were also undefined:&#10;&#10;Given(&quot;i am checkout&quot;, () -&gt; {&#10;    // Write code here that turns the phrase above into concrete actions&#10;    throw new io.cucumber.java8.PendingException();&#10;});&#10;@Given(&quot;i am checkout&quot;)&#10;public void i_am_checkout() {&#10;    // Write code here that turns the phrase above into concrete actions&#10;    throw new io.cucumber.java.PendingException();&#10;}&#10;When(&quot;I use Visa&quot;, () -&gt; {&#10;    // Write code here that turns the phrase above into concrete actions&#10;    throw new io.cucumber.java8.PendingException();&#10;});&#10;@When(&quot;I use Visa&quot;)&#10;public void i_use_Visa() {&#10;    // Write code here that turns the phrase above into concrete actions&#10;    throw new io.cucumber.java.PendingException();&#10;}&#10;When(&quot;i enter {int}&quot;, (Integer int1) -&gt; {&#10;    // Write code here that turns the phrase above into concrete actions&#10;    throw new io.cucumber.java8.PendingException();&#10;});&#10;@When(&quot;i enter {int}&quot;)&#10;public void i_enter(Integer int1) {&#10;    // Write code here that turns the phrase above into concrete actions&#10;    throw new io.cucumber.java.PendingException();&#10;}&#10;When(&quot;i enter {int}&quot;, (Integer int1) -&gt; {&#10;    // Write code here that turns the phrase above into concrete actions&#10;    throw new io.cucumber.java8.PendingException();&#10;});&#10;@When(&quot;i enter {int}&quot;)&#10;public void i_enter(Integer int1) {&#10;    // Write code here that turns the phrase above into concrete actions&#10;    throw new io.cucumber.java.PendingException();&#10;}&#10;Then(&quot;{string} should be displayed&quot;, (String string) -&gt; {&#10;    // Write code here that turns the phrase above into concrete actions&#10;    throw new io.cucumber.java8.PendingException();&#10;});&#10;@Then(&quot;{string} should be displayed&quot;)&#10;public void should_be_displayed(String string) {&#10;    // Write code here that turns the phrase above into concrete actions&#10;    throw new io.cucumber.java.PendingException();&#10;}&#10;"/>
    <system-err><![CDATA[Feb 16, 2020 11:54:48 AM org.springframework.test.context.support.AbstractTestContextBootstrapper getDefaultTestExecutionListenerClassNames
INFO: Loaded default TestExecutionListener class names from location [META-INF/spring.factories]: [org.springframework.test.context.web.ServletTestExecutionListener, org.springframework.test.context.support.DirtiesContextBeforeModesTestExecutionListener, org.springframework.test.context.support.DependencyInjectionTestExecutionListener, org.springframework.test.context.support.DirtiesContextTestExecutionListener, org.springframework.test.context.transaction.TransactionalTestExecutionListener, org.springframework.test.context.jdbc.SqlScriptsTestExecutionListener, org.springframework.test.context.event.EventPublishingTestExecutionListener]
Feb 16, 2020 11:54:48 AM org.springframework.test.context.support.AbstractTestContextBootstrapper getTestExecutionListeners
INFO: Using TestExecutionListeners: [org.springframework.test.context.support.DirtiesContextBeforeModesTestExecutionListener@44d70181, org.springframework.test.context.support.DependencyInjectionTestExecutionListener@6aa648b9, org.springframework.test.context.support.DirtiesContextTestExecutionListener@23c650a3, org.springframework.test.context.event.EventPublishingTestExecutionListener@742d4e15]
]]></system-err>
  </testcase>
  <testcase name="Making payment online using credit/debit card" classname="Payment for the tickets online by credit card" time="0">
    <skipped message="The step &quot;User has booked a seat&quot; is undefined. You can implement it using tne snippet(s) below:&#10;&#10;Given(&quot;User has booked a seat&quot;, () -&gt; {&#10;    // Write code here that turns the phrase above into concrete actions&#10;    throw new io.cucumber.java8.PendingException();&#10;});&#10;@Given(&quot;User has booked a seat&quot;)&#10;public void user_has_booked_a_seat() {&#10;    // Write code here that turns the phrase above into concrete actions&#10;    throw new io.cucumber.java.PendingException();&#10;}&#10;&#10;Some other steps were also undefined:&#10;&#10;Given(&quot;i am checkout&quot;, () -&gt; {&#10;    // Write code here that turns the phrase above into concrete actions&#10;    throw new io.cucumber.java8.PendingException();&#10;});&#10;@Given(&quot;i am checkout&quot;)&#10;public void i_am_checkout() {&#10;    // Write code here that turns the phrase above into concrete actions&#10;    throw new io.cucumber.java.PendingException();&#10;}&#10;When(&quot;I use Master&quot;, () -&gt; {&#10;    // Write code here that turns the phrase above into concrete actions&#10;    throw new io.cucumber.java8.PendingException();&#10;});&#10;@When(&quot;I use Master&quot;)&#10;public void i_use_Master() {&#10;    // Write code here that turns the phrase above into concrete actions&#10;    throw new io.cucumber.java.PendingException();&#10;}&#10;When(&quot;i enter {int}&quot;, (Integer int1) -&gt; {&#10;    // Write code here that turns the phrase above into concrete actions&#10;    throw new io.cucumber.java8.PendingException();&#10;});&#10;@When(&quot;i enter {int}&quot;)&#10;public void i_enter(Integer int1) {&#10;    // Write code here that turns the phrase above into concrete actions&#10;    throw new io.cucumber.java.PendingException();&#10;}&#10;When(&quot;i enter {int}&quot;, (Integer int1) -&gt; {&#10;    // Write code here that turns the phrase above into concrete actions&#10;    throw new io.cucumber.java8.PendingException();&#10;});&#10;@When(&quot;i enter {int}&quot;)&#10;public void i_enter(Integer int1) {&#10;    // Write code here that turns the phrase above into concrete actions&#10;    throw new io.cucumber.java.PendingException();&#10;}&#10;Then(&quot;{string} should be displayed&quot;, (String string) -&gt; {&#10;    // Write code here that turns the phrase above into concrete actions&#10;    throw new io.cucumber.java8.PendingException();&#10;});&#10;@Then(&quot;{string} should be displayed&quot;)&#10;public void should_be_displayed(String string) {&#10;    // Write code here that turns the phrase above into concrete actions&#10;    throw new io.cucumber.java.PendingException();&#10;}&#10;"/>
    <system-err><![CDATA[Feb 16, 2020 11:54:48 AM org.springframework.test.context.support.AbstractTestContextBootstrapper getDefaultTestExecutionListenerClassNames
INFO: Loaded default TestExecutionListener class names from location [META-INF/spring.factories]: [org.springframework.test.context.web.ServletTestExecutionListener, org.springframework.test.context.support.DirtiesContextBeforeModesTestExecutionListener, org.springframework.test.context.support.DependencyInjectionTestExecutionListener, org.springframework.test.context.support.DirtiesContextTestExecutionListener, org.springframework.test.context.transaction.TransactionalTestExecutionListener, org.springframework.test.context.jdbc.SqlScriptsTestExecutionListener, org.springframework.test.context.event.EventPublishingTestExecutionListener]
Feb 16, 2020 11:54:48 AM org.springframework.test.context.support.AbstractTestContextBootstrapper getTestExecutionListeners
INFO: Using TestExecutionListeners: [org.springframework.test.context.support.DirtiesContextBeforeModesTestExecutionListener@53bf7094, org.springframework.test.context.support.DependencyInjectionTestExecutionListener@26f1249d, org.springframework.test.context.support.DirtiesContextTestExecutionListener@710b30ef, org.springframework.test.context.event.EventPublishingTestExecutionListener@a68df9]
]]></system-err>
  </testcase>
  <testcase name="Making payment online using credit/debit card" classname="Payment for the tickets online by credit card" time="0">
    <skipped message="The step &quot;User has booked a seat&quot; is undefined. You can implement it using tne snippet(s) below:&#10;&#10;Given(&quot;User has booked a seat&quot;, () -&gt; {&#10;    // Write code here that turns the phrase above into concrete actions&#10;    throw new io.cucumber.java8.PendingException();&#10;});&#10;@Given(&quot;User has booked a seat&quot;)&#10;public void user_has_booked_a_seat() {&#10;    // Write code here that turns the phrase above into concrete actions&#10;    throw new io.cucumber.java.PendingException();&#10;}&#10;&#10;Some other steps were also undefined:&#10;&#10;Given(&quot;i am checkout&quot;, () -&gt; {&#10;    // Write code here that turns the phrase above into concrete actions&#10;    throw new io.cucumber.java8.PendingException();&#10;});&#10;@Given(&quot;i am checkout&quot;)&#10;public void i_am_checkout() {&#10;    // Write code here that turns the phrase above into concrete actions&#10;    throw new io.cucumber.java.PendingException();&#10;}&#10;When(&quot;I use Visa&quot;, () -&gt; {&#10;    // Write code here that turns the phrase above into concrete actions&#10;    throw new io.cucumber.java8.PendingException();&#10;});&#10;@When(&quot;I use Visa&quot;)&#10;public void i_use_Visa() {&#10;    // Write code here that turns the phrase above into concrete actions&#10;    throw new io.cucumber.java.PendingException();&#10;}&#10;When(&quot;i enter {int}&quot;, (Integer int1) -&gt; {&#10;    // Write code here that turns the phrase above into concrete actions&#10;    throw new io.cucumber.java8.PendingException();&#10;});&#10;@When(&quot;i enter {int}&quot;)&#10;public void i_enter(Integer int1) {&#10;    // Write code here that turns the phrase above into concrete actions&#10;    throw new io.cucumber.java.PendingException();&#10;}&#10;When(&quot;i enter {int}&quot;, (Integer int1) -&gt; {&#10;    // Write code here that turns the phrase above into concrete actions&#10;    throw new io.cucumber.java8.PendingException();&#10;});&#10;@When(&quot;i enter {int}&quot;)&#10;public void i_enter(Integer int1) {&#10;    // Write code here that turns the phrase above into concrete actions&#10;    throw new io.cucumber.java.PendingException();&#10;}&#10;Then(&quot;{string} should be displayed&quot;, (String string) -&gt; {&#10;    // Write code here that turns the phrase above into concrete actions&#10;    throw new io.cucumber.java8.PendingException();&#10;});&#10;@Then(&quot;{string} should be displayed&quot;)&#10;public void should_be_displayed(String string) {&#10;    // Write code here that turns the phrase above into concrete actions&#10;    throw new io.cucumber.java.PendingException();&#10;}&#10;"/>
    <system-err><![CDATA[Feb 16, 2020 11:54:48 AM org.springframework.test.context.support.AbstractTestContextBootstrapper getDefaultTestExecutionListenerClassNames
INFO: Loaded default TestExecutionListener class names from location [META-INF/spring.factories]: [org.springframework.test.context.web.ServletTestExecutionListener, org.springframework.test.context.support.DirtiesContextBeforeModesTestExecutionListener, org.springframework.test.context.support.DependencyInjectionTestExecutionListener, org.springframework.test.context.support.DirtiesContextTestExecutionListener, org.springframework.test.context.transaction.TransactionalTestExecutionListener, org.springframework.test.context.jdbc.SqlScriptsTestExecutionListener, org.springframework.test.context.event.EventPublishingTestExecutionListener]
Feb 16, 2020 11:54:48 AM org.springframework.test.context.support.AbstractTestContextBootstrapper getTestExecutionListeners
INFO: Using TestExecutionListeners: [org.springframework.test.context.support.DirtiesContextBeforeModesTestExecutionListener@37ff4054, org.springframework.test.context.support.DependencyInjectionTestExecutionListener@894858, org.springframework.test.context.support.DirtiesContextTestExecutionListener@7af707e0, org.springframework.test.context.event.EventPublishingTestExecutionListener@737edcfa]
]]></system-err>
  </testcase>
  <testcase name="Making payment online using credit/debit card" classname="Payment for the tickets online by credit card" time="0">
    <skipped message="The step &quot;User has booked a seat&quot; is undefined. You can implement it using tne snippet(s) below:&#10;&#10;Given(&quot;User has booked a seat&quot;, () -&gt; {&#10;    // Write code here that turns the phrase above into concrete actions&#10;    throw new io.cucumber.java8.PendingException();&#10;});&#10;@Given(&quot;User has booked a seat&quot;)&#10;public void user_has_booked_a_seat() {&#10;    // Write code here that turns the phrase above into concrete actions&#10;    throw new io.cucumber.java.PendingException();&#10;}&#10;&#10;Some other steps were also undefined:&#10;&#10;Given(&quot;i am checkout&quot;, () -&gt; {&#10;    // Write code here that turns the phrase above into concrete actions&#10;    throw new io.cucumber.java8.PendingException();&#10;});&#10;@Given(&quot;i am checkout&quot;)&#10;public void i_am_checkout() {&#10;    // Write code here that turns the phrase above into concrete actions&#10;    throw new io.cucumber.java.PendingException();&#10;}&#10;When(&quot;I use Visa Debit&quot;, () -&gt; {&#10;    // Write code here that turns the phrase above into concrete actions&#10;    throw new io.cucumber.java8.PendingException();&#10;});&#10;@When(&quot;I use Visa Debit&quot;)&#10;public void i_use_Visa_Debit() {&#10;    // Write code here that turns the phrase above into concrete actions&#10;    throw new io.cucumber.java.PendingException();&#10;}&#10;When(&quot;i enter {int}&quot;, (Integer int1) -&gt; {&#10;    // Write code here that turns the phrase above into concrete actions&#10;    throw new io.cucumber.java8.PendingException();&#10;});&#10;@When(&quot;i enter {int}&quot;)&#10;public void i_enter(Integer int1) {&#10;    // Write code here that turns the phrase above into concrete actions&#10;    throw new io.cucumber.java.PendingException();&#10;}&#10;When(&quot;i enter {int}&quot;, (Integer int1) -&gt; {&#10;    // Write code here that turns the phrase above into concrete actions&#10;    throw new io.cucumber.java8.PendingException();&#10;});&#10;@When(&quot;i enter {int}&quot;)&#10;public void i_enter(Integer int1) {&#10;    // Write code here that turns the phrase above into concrete actions&#10;    throw new io.cucumber.java.PendingException();&#10;}&#10;Then(&quot;{string} should be displayed&quot;, (String string) -&gt; {&#10;    // Write code here that turns the phrase above into concrete actions&#10;    throw new io.cucumber.java8.PendingException();&#10;});&#10;@Then(&quot;{string} should be displayed&quot;)&#10;public void should_be_displayed(String string) {&#10;    // Write code here that turns the phrase above into concrete actions&#10;    throw new io.cucumber.java.PendingException();&#10;}&#10;"/>
    <system-err><![CDATA[Feb 16, 2020 11:54:48 AM org.springframework.test.context.support.AbstractTestContextBootstrapper getDefaultTestExecutionListenerClassNames
INFO: Loaded default TestExecutionListener class names from location [META-INF/spring.factories]: [org.springframework.test.context.web.ServletTestExecutionListener, org.springframework.test.context.support.DirtiesContextBeforeModesTestExecutionListener, org.springframework.test.context.support.DependencyInjectionTestExecutionListener, org.springframework.test.context.support.DirtiesContextTestExecutionListener, org.springframework.test.context.transaction.TransactionalTestExecutionListener, org.springframework.test.context.jdbc.SqlScriptsTestExecutionListener, org.springframework.test.context.event.EventPublishingTestExecutionListener]
Feb 16, 2020 11:54:48 AM org.springframework.test.context.support.AbstractTestContextBootstrapper getTestExecutionListeners
INFO: Using TestExecutionListeners: [org.springframework.test.context.support.DirtiesContextBeforeModesTestExecutionListener@584f5497, org.springframework.test.context.support.DependencyInjectionTestExecutionListener@68ace111, org.springframework.test.context.support.DirtiesContextTestExecutionListener@1f9d6c7b, org.springframework.test.context.event.EventPublishingTestExecutionListener@6df20ade]
]]></system-err>
  </testcase>
  <testcase name="Making payment online using credit/debit card" classname="Payment for the tickets online by credit card" time="0">
    <skipped message="The step &quot;User has booked a seat&quot; is undefined. You can implement it using tne snippet(s) below:&#10;&#10;Given(&quot;User has booked a seat&quot;, () -&gt; {&#10;    // Write code here that turns the phrase above into concrete actions&#10;    throw new io.cucumber.java8.PendingException();&#10;});&#10;@Given(&quot;User has booked a seat&quot;)&#10;public void user_has_booked_a_seat() {&#10;    // Write code here that turns the phrase above into concrete actions&#10;    throw new io.cucumber.java.PendingException();&#10;}&#10;&#10;Some other steps were also undefined:&#10;&#10;Given(&quot;i am checkout&quot;, () -&gt; {&#10;    // Write code here that turns the phrase above into concrete actions&#10;    throw new io.cucumber.java8.PendingException();&#10;});&#10;@Given(&quot;i am checkout&quot;)&#10;public void i_am_checkout() {&#10;    // Write code here that turns the phrase above into concrete actions&#10;    throw new io.cucumber.java.PendingException();&#10;}&#10;When(&quot;I use Mastercard&quot;, () -&gt; {&#10;    // Write code here that turns the phrase above into concrete actions&#10;    throw new io.cucumber.java8.PendingException();&#10;});&#10;@When(&quot;I use Mastercard&quot;)&#10;public void i_use_Mastercard() {&#10;    // Write code here that turns the phrase above into concrete actions&#10;    throw new io.cucumber.java.PendingException();&#10;}&#10;When(&quot;i enter {int}&quot;, (Integer int1) -&gt; {&#10;    // Write code here that turns the phrase above into concrete actions&#10;    throw new io.cucumber.java8.PendingException();&#10;});&#10;@When(&quot;i enter {int}&quot;)&#10;public void i_enter(Integer int1) {&#10;    // Write code here that turns the phrase above into concrete actions&#10;    throw new io.cucumber.java.PendingException();&#10;}&#10;When(&quot;i enter {int}&quot;, (Integer int1) -&gt; {&#10;    // Write code here that turns the phrase above into concrete actions&#10;    throw new io.cucumber.java8.PendingException();&#10;});&#10;@When(&quot;i enter {int}&quot;)&#10;public void i_enter(Integer int1) {&#10;    // Write code here that turns the phrase above into concrete actions&#10;    throw new io.cucumber.java.PendingException();&#10;}&#10;Then(&quot;{string} should be displayed&quot;, (String string) -&gt; {&#10;    // Write code here that turns the phrase above into concrete actions&#10;    throw new io.cucumber.java8.PendingException();&#10;});&#10;@Then(&quot;{string} should be displayed&quot;)&#10;public void should_be_displayed(String string) {&#10;    // Write code here that turns the phrase above into concrete actions&#10;    throw new io.cucumber.java.PendingException();&#10;}&#10;"/>
    <system-err><![CDATA[Feb 16, 2020 11:54:48 AM org.springframework.test.context.support.AbstractTestContextBootstrapper getDefaultTestExecutionListenerClassNames
INFO: Loaded default TestExecutionListener class names from location [META-INF/spring.factories]: [org.springframework.test.context.web.ServletTestExecutionListener, org.springframework.test.context.support.DirtiesContextBeforeModesTestExecutionListener, org.springframework.test.context.support.DependencyInjectionTestExecutionListener, org.springframework.test.context.support.DirtiesContextTestExecutionListener, org.springframework.test.context.transaction.TransactionalTestExecutionListener, org.springframework.test.context.jdbc.SqlScriptsTestExecutionListener, org.springframework.test.context.event.EventPublishingTestExecutionListener]
Feb 16, 2020 11:54:48 AM org.springframework.test.context.support.AbstractTestContextBootstrapper getTestExecutionListeners
INFO: Using TestExecutionListeners: [org.springframework.test.context.support.DirtiesContextBeforeModesTestExecutionListener@cda4919, org.springframework.test.context.support.DependencyInjectionTestExecutionListener@7f4d9395, org.springframework.test.context.support.DirtiesContextTestExecutionListener@2f19f2aa, org.springframework.test.context.event.EventPublishingTestExecutionListener@344b8190]
]]></system-err>
  </testcase>
  <testcase name="Making payment online using credit/debit card" classname="Payment for the tickets online by credit card" time="0">
    <skipped message="The step &quot;User has booked a seat&quot; is undefined. You can implement it using tne snippet(s) below:&#10;&#10;Given(&quot;User has booked a seat&quot;, () -&gt; {&#10;    // Write code here that turns the phrase above into concrete actions&#10;    throw new io.cucumber.java8.PendingException();&#10;});&#10;@Given(&quot;User has booked a seat&quot;)&#10;public void user_has_booked_a_seat() {&#10;    // Write code here that turns the phrase above into concrete actions&#10;    throw new io.cucumber.java.PendingException();&#10;}&#10;&#10;Some other steps were also undefined:&#10;&#10;Given(&quot;i am checkout&quot;, () -&gt; {&#10;    // Write code here that turns the phrase above into concrete actions&#10;    throw new io.cucumber.java8.PendingException();&#10;});&#10;@Given(&quot;i am checkout&quot;)&#10;public void i_am_checkout() {&#10;    // Write code here that turns the phrase above into concrete actions&#10;    throw new io.cucumber.java.PendingException();&#10;}&#10;When(&quot;I use Mastercard Debit&quot;, () -&gt; {&#10;    // Write code here that turns the phrase above into concrete actions&#10;    throw new io.cucumber.java8.PendingException();&#10;});&#10;@When(&quot;I use Mastercard Debit&quot;)&#10;public void i_use_Mastercard_Debit() {&#10;    // Write code here that turns the phrase above into concrete actions&#10;    throw new io.cucumber.java.PendingException();&#10;}&#10;When(&quot;i enter {int}&quot;, (Integer int1) -&gt; {&#10;    // Write code here that turns the phrase above into concrete actions&#10;    throw new io.cucumber.java8.PendingException();&#10;});&#10;@When(&quot;i enter {int}&quot;)&#10;public void i_enter(Integer int1) {&#10;    // Write code here that turns the phrase above into concrete actions&#10;    throw new io.cucumber.java.PendingException();&#10;}&#10;When(&quot;i enter {int}&quot;, (Integer int1) -&gt; {&#10;    // Write code here that turns the phrase above into concrete actions&#10;    throw new io.cucumber.java8.PendingException();&#10;});&#10;@When(&quot;i enter {int}&quot;)&#10;public void i_enter(Integer int1) {&#10;    // Write code here that turns the phrase above into concrete actions&#10;    throw new io.cucumber.java.PendingException();&#10;}&#10;Then(&quot;{string} should be displayed&quot;, (String string) -&gt; {&#10;    // Write code here that turns the phrase above into concrete actions&#10;    throw new io.cucumber.java8.PendingException();&#10;});&#10;@Then(&quot;{string} should be displayed&quot;)&#10;public void should_be_displayed(String string) {&#10;    // Write code here that turns the phrase above into concrete actions&#10;    throw new io.cucumber.java.PendingException();&#10;}&#10;"/>
    <system-err><![CDATA[Feb 16, 2020 11:54:48 AM org.springframework.test.context.support.AbstractTestContextBootstrapper getDefaultTestExecutionListenerClassNames
INFO: Loaded default TestExecutionListener class names from location [META-INF/spring.factories]: [org.springframework.test.context.web.ServletTestExecutionListener, org.springframework.test.context.support.DirtiesContextBeforeModesTestExecutionListener, org.springframework.test.context.support.DependencyInjectionTestExecutionListener, org.springframework.test.context.support.DirtiesContextTestExecutionListener, org.springframework.test.context.transaction.TransactionalTestExecutionListener, org.springframework.test.context.jdbc.SqlScriptsTestExecutionListener, org.springframework.test.context.event.EventPublishingTestExecutionListener]
Feb 16, 2020 11:54:48 AM org.springframework.test.context.support.AbstractTestContextBootstrapper getTestExecutionListeners
INFO: Using TestExecutionListeners: [org.springframework.test.context.support.DirtiesContextBeforeModesTestExecutionListener@5d10455d, org.springframework.test.context.support.DependencyInjectionTestExecutionListener@535b8c24, org.springframework.test.context.support.DirtiesContextTestExecutionListener@4a951911, org.springframework.test.context.event.EventPublishingTestExecutionListener@55b62629]
]]></system-err>
  </testcase>
  <testcase name="Making payment online using credit/debit card" classname="Payment for the tickets online by credit card" time="0">
    <skipped message="The step &quot;User has booked a seat&quot; is undefined. You can implement it using tne snippet(s) below:&#10;&#10;Given(&quot;User has booked a seat&quot;, () -&gt; {&#10;    // Write code here that turns the phrase above into concrete actions&#10;    throw new io.cucumber.java8.PendingException();&#10;});&#10;@Given(&quot;User has booked a seat&quot;)&#10;public void user_has_booked_a_seat() {&#10;    // Write code here that turns the phrase above into concrete actions&#10;    throw new io.cucumber.java.PendingException();&#10;}&#10;&#10;Some other steps were also undefined:&#10;&#10;Given(&quot;i am checkout&quot;, () -&gt; {&#10;    // Write code here that turns the phrase above into concrete actions&#10;    throw new io.cucumber.java8.PendingException();&#10;});&#10;@Given(&quot;i am checkout&quot;)&#10;public void i_am_checkout() {&#10;    // Write code here that turns the phrase above into concrete actions&#10;    throw new io.cucumber.java.PendingException();&#10;}&#10;When(&quot;I use Americal Exp&quot;, () -&gt; {&#10;    // Write code here that turns the phrase above into concrete actions&#10;    throw new io.cucumber.java8.PendingException();&#10;});&#10;@When(&quot;I use Americal Exp&quot;)&#10;public void i_use_Americal_Exp() {&#10;    // Write code here that turns the phrase above into concrete actions&#10;    throw new io.cucumber.java.PendingException();&#10;}&#10;When(&quot;i enter {int}&quot;, (Integer int1) -&gt; {&#10;    // Write code here that turns the phrase above into concrete actions&#10;    throw new io.cucumber.java8.PendingException();&#10;});&#10;@When(&quot;i enter {int}&quot;)&#10;public void i_enter(Integer int1) {&#10;    // Write code here that turns the phrase above into concrete actions&#10;    throw new io.cucumber.java.PendingException();&#10;}&#10;When(&quot;i enter {int}&quot;, (Integer int1) -&gt; {&#10;    // Write code here that turns the phrase above into concrete actions&#10;    throw new io.cucumber.java8.PendingException();&#10;});&#10;@When(&quot;i enter {int}&quot;)&#10;public void i_enter(Integer int1) {&#10;    // Write code here that turns the phrase above into concrete actions&#10;    throw new io.cucumber.java.PendingException();&#10;}&#10;Then(&quot;{string} should be displayed&quot;, (String string) -&gt; {&#10;    // Write code here that turns the phrase above into concrete actions&#10;    throw new io.cucumber.java8.PendingException();&#10;});&#10;@Then(&quot;{string} should be displayed&quot;)&#10;public void should_be_displayed(String string) {&#10;    // Write code here that turns the phrase above into concrete actions&#10;    throw new io.cucumber.java.PendingException();&#10;}&#10;"/>
    <system-err><![CDATA[Feb 16, 2020 11:54:48 AM org.springframework.test.context.support.AbstractTestContextBootstrapper getDefaultTestExecutionListenerClassNames
INFO: Loaded default TestExecutionListener class names from location [META-INF/spring.factories]: [org.springframework.test.context.web.ServletTestExecutionListener, org.springframework.test.context.support.DirtiesContextBeforeModesTestExecutionListener, org.springframework.test.context.support.DependencyInjectionTestExecutionListener, org.springframework.test.context.support.DirtiesContextTestExecutionListener, org.springframework.test.context.transaction.TransactionalTestExecutionListener, org.springframework.test.context.jdbc.SqlScriptsTestExecutionListener, org.springframework.test.context.event.EventPublishingTestExecutionListener]
Feb 16, 2020 11:54:48 AM org.springframework.test.context.support.AbstractTestContextBootstrapper getTestExecutionListeners
INFO: Using TestExecutionListeners: [org.springframework.test.context.support.DirtiesContextBeforeModesTestExecutionListener@654b72c0, org.springframework.test.context.support.DependencyInjectionTestExecutionListener@55b5e331, org.springframework.test.context.support.DirtiesContextTestExecutionListener@6034e75d, org.springframework.test.context.event.EventPublishingTestExecutionListener@15fc442]
]]></system-err>
  </testcase>
  <testcase name="Making payment online using credit/debit card" classname="Payment for the tickets online by credit card" time="0">
    <skipped message="The step &quot;User has booked a seat&quot; is undefined. You can implement it using tne snippet(s) below:&#10;&#10;Given(&quot;User has booked a seat&quot;, () -&gt; {&#10;    // Write code here that turns the phrase above into concrete actions&#10;    throw new io.cucumber.java8.PendingException();&#10;});&#10;@Given(&quot;User has booked a seat&quot;)&#10;public void user_has_booked_a_seat() {&#10;    // Write code here that turns the phrase above into concrete actions&#10;    throw new io.cucumber.java.PendingException();&#10;}&#10;&#10;Some other steps were also undefined:&#10;&#10;Given(&quot;i am checkout&quot;, () -&gt; {&#10;    // Write code here that turns the phrase above into concrete actions&#10;    throw new io.cucumber.java8.PendingException();&#10;});&#10;@Given(&quot;i am checkout&quot;)&#10;public void i_am_checkout() {&#10;    // Write code here that turns the phrase above into concrete actions&#10;    throw new io.cucumber.java.PendingException();&#10;}&#10;When(&quot;I use &lt;cardType&gt;&quot;, () -&gt; {&#10;    // Write code here that turns the phrase above into concrete actions&#10;    throw new io.cucumber.java8.PendingException();&#10;});&#10;@When(&quot;I use &lt;cardType&gt;&quot;)&#10;public void i_use_cardType() {&#10;    // Write code here that turns the phrase above into concrete actions&#10;    throw new io.cucumber.java.PendingException();&#10;}&#10;When(&quot;i enter &lt;cardNumber&gt;&quot;, () -&gt; {&#10;    // Write code here that turns the phrase above into concrete actions&#10;    throw new io.cucumber.java8.PendingException();&#10;});&#10;@When(&quot;i enter &lt;cardNumber&gt;&quot;)&#10;public void i_enter_cardNumber() {&#10;    // Write code here that turns the phrase above into concrete actions&#10;    throw new io.cucumber.java.PendingException();&#10;}&#10;When(&quot;i enter &lt;cvcNumber&gt;&quot;, () -&gt; {&#10;    // Write code here that turns the phrase above into concrete actions&#10;    throw new io.cucumber.java8.PendingException();&#10;});&#10;@When(&quot;i enter &lt;cvcNumber&gt;&quot;)&#10;public void i_enter_cvcNumber() {&#10;    // Write code here that turns the phrase above into concrete actions&#10;    throw new io.cucumber.java.PendingException();&#10;}&#10;Then(&quot;{string} should be displayed&quot;, (String string) -&gt; {&#10;    // Write code here that turns the phrase above into concrete actions&#10;    throw new io.cucumber.java8.PendingException();&#10;});&#10;@Then(&quot;{string} should be displayed&quot;)&#10;public void should_be_displayed(String string) {&#10;    // Write code here that turns the phrase above into concrete actions&#10;    throw new io.cucumber.java.PendingException();&#10;}&#10;"/>
    <system-err><![CDATA[Feb 16, 2020 11:54:49 AM org.springframework.test.context.support.AbstractTestContextBootstrapper getDefaultTestExecutionListenerClassNames
INFO: Loaded default TestExecutionListener class names from location [META-INF/spring.factories]: [org.springframework.test.context.web.ServletTestExecutionListener, org.springframework.test.context.support.DirtiesContextBeforeModesTestExecutionListener, org.springframework.test.context.support.DependencyInjectionTestExecutionListener, org.springframework.test.context.support.DirtiesContextTestExecutionListener, org.springframework.test.context.transaction.TransactionalTestExecutionListener, org.springframework.test.context.jdbc.SqlScriptsTestExecutionListener, org.springframework.test.context.event.EventPublishingTestExecutionListener]
Feb 16, 2020 11:54:49 AM org.springframework.test.context.support.AbstractTestContextBootstrapper getTestExecutionListeners
INFO: Using TestExecutionListeners: [org.springframework.test.context.support.DirtiesContextBeforeModesTestExecutionListener@70d8de, org.springframework.test.context.support.DependencyInjectionTestExecutionListener@42561fba, org.springframework.test.context.support.DirtiesContextTestExecutionListener@595f4da5, org.springframework.test.context.event.EventPublishingTestExecutionListener@46b695ec]
]]></system-err>
  </testcase>
  <testcase name="Making payment after 10 minutes of seat selection" classname="Seat selection scenarios" time="0">
    <skipped message="The step &quot;user has selected a seat&quot; is undefined. You can implement it using tne snippet(s) below:&#10;&#10;Given(&quot;user has selected a seat&quot;, () -&gt; {&#10;    // Write code here that turns the phrase above into concrete actions&#10;    throw new io.cucumber.java8.PendingException();&#10;});&#10;@Given(&quot;user has selected a seat&quot;)&#10;public void user_has_selected_a_seat() {&#10;    // Write code here that turns the phrase above into concrete actions&#10;    throw new io.cucumber.java.PendingException();&#10;}&#10;&#10;Some other steps were also undefined:&#10;&#10;When(&quot;I wait for {int} minutes&quot;, (Integer int1) -&gt; {&#10;    // Write code here that turns the phrase above into concrete actions&#10;    throw new io.cucumber.java8.PendingException();&#10;});&#10;@When(&quot;I wait for {int} minutes&quot;)&#10;public void i_wait_for_minutes(Integer int1) {&#10;    // Write code here that turns the phrase above into concrete actions&#10;    throw new io.cucumber.java.PendingException();&#10;}&#10;When(&quot;i click on checkout&quot;, () -&gt; {&#10;    // Write code here that turns the phrase above into concrete actions&#10;    throw new io.cucumber.java8.PendingException();&#10;});&#10;@When(&quot;i click on checkout&quot;)&#10;public void i_click_on_checkout() {&#10;    // Write code here that turns the phrase above into concrete actions&#10;    throw new io.cucumber.java.PendingException();&#10;}&#10;Then(&quot;{string} error message should be displayed&quot;, (String string) -&gt; {&#10;    // Write code here that turns the phrase above into concrete actions&#10;    throw new io.cucumber.java8.PendingException();&#10;});&#10;@Then(&quot;{string} error message should be displayed&quot;)&#10;public void error_message_should_be_displayed(String string) {&#10;    // Write code here that turns the phrase above into concrete actions&#10;    throw new io.cucumber.java.PendingException();&#10;}&#10;"/>
    <system-err><![CDATA[Feb 16, 2020 11:54:49 AM org.springframework.test.context.support.AbstractTestContextBootstrapper getDefaultTestExecutionListenerClassNames
INFO: Loaded default TestExecutionListener class names from location [META-INF/spring.factories]: [org.springframework.test.context.web.ServletTestExecutionListener, org.springframework.test.context.support.DirtiesContextBeforeModesTestExecutionListener, org.springframework.test.context.support.DependencyInjectionTestExecutionListener, org.springframework.test.context.support.DirtiesContextTestExecutionListener, org.springframework.test.context.transaction.TransactionalTestExecutionListener, org.springframework.test.context.jdbc.SqlScriptsTestExecutionListener, org.springframework.test.context.event.EventPublishingTestExecutionListener]
Feb 16, 2020 11:54:49 AM org.springframework.test.context.support.AbstractTestContextBootstrapper getTestExecutionListeners
INFO: Using TestExecutionListeners: [org.springframework.test.context.support.DirtiesContextBeforeModesTestExecutionListener@150d80c4, org.springframework.test.context.support.DependencyInjectionTestExecutionListener@6826c41e, org.springframework.test.context.support.DirtiesContextTestExecutionListener@3003697, org.springframework.test.context.event.EventPublishingTestExecutionListener@64d43929]
]]></system-err>
  </testcase>
  <testcase name="Same seats booked by two users at same time" classname="Seat selection scenarios" time="0">
    <skipped message="The step &quot;user &apos;A&apos; has selected a seat in row 2 and column 3&quot; is undefined. You can implement it using tne snippet(s) below:&#10;&#10;Given(&quot;user {string} has selected a seat in row {int} and column {int}&quot;, (String string, Integer int1, Integer int2) -&gt; {&#10;    // Write code here that turns the phrase above into concrete actions&#10;    throw new io.cucumber.java8.PendingException();&#10;});&#10;@Given(&quot;user {string} has selected a seat in row {int} and column {int}&quot;)&#10;public void user_has_selected_a_seat_in_row_and_column(String string, Integer int1, Integer int2) {&#10;    // Write code here that turns the phrase above into concrete actions&#10;    throw new io.cucumber.java.PendingException();&#10;}&#10;&#10;Some other steps were also undefined:&#10;&#10;Given(&quot;user {string} has selected a seat in row {int} and column {int}&quot;, (String string, Integer int1, Integer int2) -&gt; {&#10;    // Write code here that turns the phrase above into concrete actions&#10;    throw new io.cucumber.java8.PendingException();&#10;});&#10;@Given(&quot;user {string} has selected a seat in row {int} and column {int}&quot;)&#10;public void user_has_selected_a_seat_in_row_and_column(String string, Integer int1, Integer int2) {&#10;    // Write code here that turns the phrase above into concrete actions&#10;    throw new io.cucumber.java.PendingException();&#10;}&#10;When(&quot;user {string} checks out&quot;, (String string) -&gt; {&#10;    // Write code here that turns the phrase above into concrete actions&#10;    throw new io.cucumber.java8.PendingException();&#10;});&#10;@When(&quot;user {string} checks out&quot;)&#10;public void user_checks_out(String string) {&#10;    // Write code here that turns the phrase above into concrete actions&#10;    throw new io.cucumber.java.PendingException();&#10;}&#10;When(&quot;user {string} checks out&quot;, (String string) -&gt; {&#10;    // Write code here that turns the phrase above into concrete actions&#10;    throw new io.cucumber.java8.PendingException();&#10;});&#10;@When(&quot;user {string} checks out&quot;)&#10;public void user_checks_out(String string) {&#10;    // Write code here that turns the phrase above into concrete actions&#10;    throw new io.cucumber.java.PendingException();&#10;}&#10;Then(&quot;{string} error message should be displayed for user {string}&quot;, (String string, String string2) -&gt; {&#10;    // Write code here that turns the phrase above into concrete actions&#10;    throw new io.cucumber.java8.PendingException();&#10;});&#10;@Then(&quot;{string} error message should be displayed for user {string}&quot;)&#10;public void error_message_should_be_displayed_for_user(String string, String string2) {&#10;    // Write code here that turns the phrase above into concrete actions&#10;    throw new io.cucumber.java.PendingException();&#10;}&#10;Then(&quot;seat should be booked for user {string}&quot;, (String string) -&gt; {&#10;    // Write code here that turns the phrase above into concrete actions&#10;    throw new io.cucumber.java8.PendingException();&#10;});&#10;@Then(&quot;seat should be booked for user {string}&quot;)&#10;public void seat_should_be_booked_for_user(String string) {&#10;    // Write code here that turns the phrase above into concrete actions&#10;    throw new io.cucumber.java.PendingException();&#10;}&#10;Then(&quot;seat in row {int} and column {int} should be booked&quot;, (Integer int1, Integer int2) -&gt; {&#10;    // Write code here that turns the phrase above into concrete actions&#10;    throw new io.cucumber.java8.PendingException();&#10;});&#10;@Then(&quot;seat in row {int} and column {int} should be booked&quot;)&#10;public void seat_in_row_and_column_should_be_booked(Integer int1, Integer int2) {&#10;    // Write code here that turns the phrase above into concrete actions&#10;    throw new io.cucumber.java.PendingException();&#10;}&#10;"/>
    <system-err><![CDATA[Feb 16, 2020 11:54:49 AM org.springframework.test.context.support.AbstractTestContextBootstrapper getDefaultTestExecutionListenerClassNames
INFO: Loaded default TestExecutionListener class names from location [META-INF/spring.factories]: [org.springframework.test.context.web.ServletTestExecutionListener, org.springframework.test.context.support.DirtiesContextBeforeModesTestExecutionListener, org.springframework.test.context.support.DependencyInjectionTestExecutionListener, org.springframework.test.context.support.DirtiesContextTestExecutionListener, org.springframework.test.context.transaction.TransactionalTestExecutionListener, org.springframework.test.context.jdbc.SqlScriptsTestExecutionListener, org.springframework.test.context.event.EventPublishingTestExecutionListener]
Feb 16, 2020 11:54:49 AM org.springframework.test.context.support.AbstractTestContextBootstrapper getTestExecutionListeners
INFO: Using TestExecutionListeners: [org.springframework.test.context.support.DirtiesContextBeforeModesTestExecutionListener@78d39a69, org.springframework.test.context.support.DependencyInjectionTestExecutionListener@3c818ac4, org.springframework.test.context.support.DirtiesContextTestExecutionListener@5b69d40d, org.springframework.test.context.event.EventPublishingTestExecutionListener@71154f21]
]]></system-err>
  </testcase>
  <testcase name="Regular Logged in user booking tickets" classname="Super Tuesdays: On tuesday, the cinema tickets will be at ½ the original price." time="0.106"/>
  <testcase name="Regular Logged in user booking tickets" classname="Super Tuesdays: On tuesday, the cinema tickets will be at ½ the original price." time="0.042"/>
  <testcase name="Regular Logged in user booking tickets" classname="Super Tuesdays: On tuesday, the cinema tickets will be at ½ the original price." time="0.043"/>
  <testcase name="Regular Logged in user booking tickets" classname="Super Tuesdays: On tuesday, the cinema tickets will be at ½ the original price." time="0.045"/>
  <testcase name="Booking tickets Without Login" classname="Super Tuesdays: On tuesday, the cinema tickets will be at ½ the original price." time="0.052"/>
  <testcase name="Booking tickets Without Login" classname="Super Tuesdays: On tuesday, the cinema tickets will be at ½ the original price." time="0.037"/>
  <testcase name="Booking tickets Without Login" classname="Super Tuesdays: On tuesday, the cinema tickets will be at ½ the original price." time="0.028"/>
  <testcase name="Booking tickets Without Login" classname="Super Tuesdays: On tuesday, the cinema tickets will be at ½ the original price." time="0.034"/>
  <testcase name="Active Ted card user books ticket" classname="Ted card users are given special discounts on ticket bookings." time="0.026"/>
  <testcase name="Active Ted card user books ticket" classname="Ted card users are given special discounts on ticket bookings." time="0.031"/>
  <testcase name="Active Ted card user books ticket" classname="Ted card users are given special discounts on ticket bookings." time="0.025"/>
  <testcase name="Active Ted card user books ticket" classname="Ted card users are given special discounts on ticket bookings." time="0.062"/>
  <testcase name="Active Ted card user books ticket" classname="Ted card users are given special discounts on ticket bookings." time="0.016"/>
  <testcase name="Active Ted card user books ticket" classname="Ted card users are given special discounts on ticket bookings." time="0.06"/>
  <testcase name="Active Ted card user books ticket" classname="Ted card users are given special discounts on ticket bookings." time="0.047"/>
  <testcase name="Active Ted card user books ticket" classname="Ted card users are given special discounts on ticket bookings." time="0.019"/>
</testsuite>